<?xml version="1.0" encoding="UTF-8"?>
<!-- Generated by org.testng.reporters.JUnitReportReporter -->
<testsuite hostname="LAPTOP-BDUQHCS1" failures="0" tests="2" name="testRunner.TestNGTestRunner" time="6.444" errors="0" timestamp="2025-01-30T11:35:17 IST" skipped="0">
  <testcase classname="testRunner.TestNGTestRunner" name="runScenario" time="4.832"/>
  <testcase classname="testRunner.TestNGTestRunner" name="runScenario" time="1.612"/>
</testsuite> <!-- testRunner.TestNGTestRunner -->
