<?xml version="1.0" encoding="UTF-8"?>
<!-- Generated by org.testng.reporters.JUnitReportReporter -->
<testsuite hostname="LAPTOP-BDUQHCS1" failures="0" tests="2" name="testRunner.TestRunnerJunit" time="6.252" errors="0" timestamp="2025-01-29T11:02:59 IST" skipped="0">
  <testcase classname="testRunner.TestRunnerJunit" name="runScenario" time="4.791"/>
  <testcase classname="testRunner.TestRunnerJunit" name="runScenario" time="1.461"/>
</testsuite> <!-- testRunner.TestRunnerJunit -->
